生成启动时间为 2012/4/9 星期一 22:03:15。
     1>项目“E:\MyProjects\VS2010\fan_huibian\fan_huibian\fan_huibian.vcxproj”在节点 2 上(build 个目标)。
     1>InitializeBuildStatus:
         正在创建“Debug\fan_huibian.unsuccessfulbuild”，因为已指定“AlwaysCreate”。
       ClCompile:
         所有输出均为最新。
       ManifestResourceCompile:
         所有输出均为最新。
       Link:
         D:\VS2010\VC\bin\link.exe /ERRORREPORT:PROMPT /OUT:"E:\MyProjects\VS2010\fan_huibian\Debug\fan_huibian.exe" /INCREMENTAL /NOLOGO kernel32.lib user32.lib gdi32.lib winspool.lib comdlg32.lib advapi32.lib shell32.lib ole32.lib oleaut32.lib uuid.lib odbc32.lib odbccp32.lib /MANIFEST /ManifestFile:"Debug\fan_huibian.exe.intermediate.manifest" /MANIFESTUAC:"level='asInvoker' uiAccess='false'" /DEBUG /PDB:"E:\MyProjects\VS2010\fan_huibian\Debug\fan_huibian.pdb" /SUBSYSTEM:CONSOLE /TLBID:1 /DYNAMICBASE /NXCOMPAT /IMPLIB:"E:\MyProjects\VS2010\fan_huibian\Debug\fan_huibian.lib" /MACHINE:X86 Debug\fan_huibian.exe.embed.manifest.res
         Debug\Main.obj
       Manifest:
         C:\Program Files\Microsoft SDKs\Windows\v7.0A\bin\mt.exe /nologo /verbose /out:"Debug\fan_huibian.exe.embed.manifest" /manifest Debug\fan_huibian.exe.intermediate.manifest
         所有输出均为最新。
       LinkEmbedManifest:
         所有输出均为最新。
         fan_huibian.vcxproj -> E:\MyProjects\VS2010\fan_huibian\Debug\fan_huibian.exe
       FinalizeBuildStatus:
         正在删除文件“Debug\fan_huibian.unsuccessfulbuild”。
         正在对“Debug\fan_huibian.lastbuildstate”执行 Touch 任务。
     1>已完成生成项目“E:\MyProjects\VS2010\fan_huibian\fan_huibian\fan_huibian.vcxproj”(build 个目标)的操作。

生成成功。

已用时间 00:00:00.50
