生成启动时间为 2012-7-7 20:50:00。
     1>项目“E:\MyProjects\VS2010\ODBC\ODBC\ODBC.vcxproj”在节点 2 上(build 个目标)。
     1>InitializeBuildStatus:
         正在对“Debug\ODBC.unsuccessfulbuild”执行 Touch 任务。
       ClCompile:
         所有输出均为最新。
         D:\VS2010\VC\bin\CL.exe /c /ZI /nologo /W3 /WX- /Od /Oy- /D WIN32 /D _WINDOWS /D _DEBUG /D _UNICODE /D UNICODE /D _AFXDLL /Gm /EHsc /RTC1 /MDd /GS /fp:precise /Zc:wchar_t /Zc:forScope /Yu"StdAfx.h" /Fp"Debug\ODBC.pch" /Fo"Debug\\" /Fd"Debug\vc100.pdb" /Gd /TP /analyze- /errorReport:prompt ODBCSet.cpp
         ODBCSet.cpp
       ResourceCompile:
         C:\Program Files\Microsoft SDKs\Windows\v7.0A\bin\rc.exe /D _DEBUG /D _UNICODE /D UNICODE /D _AFXDLL /l"0x0804" /IDebug\ /nologo /fo"Debug\ODBC.res" ODBC.rc 
       ManifestResourceCompile:
         C:\Program Files\Microsoft SDKs\Windows\v7.0A\bin\rc.exe /nologo /fo"Debug\ODBC.exe.embed.manifest.res" Debug\ODBC_manifest.rc 
       Link:
         D:\VS2010\VC\bin\link.exe /ERRORREPORT:PROMPT /OUT:"E:\MyProjects\VS2010\ODBC\Debug\ODBC.exe" /INCREMENTAL /NOLOGO odbc32.lib /MANIFEST /ManifestFile:"Debug\ODBC.exe.intermediate.manifest" /MANIFESTUAC:"level='asInvoker' uiAccess='false'" /DEBUG /PDB:"E:\MyProjects\VS2010\ODBC\Debug\ODBC.pdb" /SUBSYSTEM:WINDOWS /TLBID:1 /ENTRY:"wWinMainCRTStartup" /DYNAMICBASE /NXCOMPAT /IMPLIB:"E:\MyProjects\VS2010\ODBC\Debug\ODBC.lib" /MACHINE:X86 Debug\ODBC.res
         Debug\ODBC.exe.embed.manifest.res
         Debug\ClassView.obj
         Debug\FileView.obj
         Debug\MainFrm.obj
         Debug\ODBC.obj
         Debug\ODBCDoc.obj
         Debug\ODBCSet.obj
         Debug\ODBCView.obj
         Debug\OutputWnd.obj
         Debug\PropertiesWnd.obj
         Debug\stdafx.obj
         Debug\ViewTree.obj
       Manifest:
         C:\Program Files\Microsoft SDKs\Windows\v7.0A\bin\mt.exe /nologo /verbose /out:"Debug\ODBC.exe.embed.manifest" /manifest Debug\ODBC.exe.intermediate.manifest D:\VS2010\VC\Include\Manifest\dpiaware.manifest
         C:\Program Files\Microsoft SDKs\Windows\v7.0A\bin\rc.exe /nologo /fo"Debug\ODBC.exe.embed.manifest.res" Debug\ODBC_manifest.rc 
       LinkEmbedManifest:
         D:\VS2010\VC\bin\link.exe /ERRORREPORT:PROMPT /OUT:"E:\MyProjects\VS2010\ODBC\Debug\ODBC.exe" /INCREMENTAL /NOLOGO odbc32.lib /MANIFEST /ManifestFile:"Debug\ODBC.exe.intermediate.manifest" /MANIFESTUAC:"level='asInvoker' uiAccess='false'" /DEBUG /PDB:"E:\MyProjects\VS2010\ODBC\Debug\ODBC.pdb" /SUBSYSTEM:WINDOWS /TLBID:1 /ENTRY:"wWinMainCRTStartup" /DYNAMICBASE /NXCOMPAT /IMPLIB:"E:\MyProjects\VS2010\ODBC\Debug\ODBC.lib" /MACHINE:X86 Debug\ODBC.res
         Debug\ODBC.exe.embed.manifest.res
         Debug\ClassView.obj
         Debug\FileView.obj
         Debug\MainFrm.obj
         Debug\ODBC.obj
         Debug\ODBCDoc.obj
         Debug\ODBCSet.obj
         Debug\ODBCView.obj
         Debug\OutputWnd.obj
         Debug\PropertiesWnd.obj
         Debug\stdafx.obj
         Debug\ViewTree.obj
         ODBC.vcxproj -> E:\MyProjects\VS2010\ODBC\Debug\ODBC.exe
       FinalizeBuildStatus:
         正在删除文件“Debug\ODBC.unsuccessfulbuild”。
         正在对“Debug\ODBC.lastbuildstate”执行 Touch 任务。
     1>已完成生成项目“E:\MyProjects\VS2010\ODBC\ODBC\ODBC.vcxproj”(build 个目标)的操作。

生成成功。

已用时间 00:00:04.19
