生成启动时间为 2012/3/23 星期五 14:36:56。
     1>项目“E:\MyProjects\VS2010\查询程序\查询程序\查询程序.vcxproj”在节点 2 上(build 个目标)。
     1>InitializeBuildStatus:
         正在创建“Debug\查询程序.unsuccessfulbuild”，因为已指定“AlwaysCreate”。
       ClCompile:
         D:\VS2010\VC\bin\CL.exe /c /ZI /nologo /W3 /WX- /Od /Oy- /D WIN32 /D _DEBUG /D _CONSOLE /D _UNICODE /D UNICODE /Gm /EHsc /RTC1 /MDd /GS /fp:precise /Zc:wchar_t /Zc:forScope /Fo"Debug\\" /Fd"Debug\vc100.pdb" /Gd /TP /analyze- /errorReport:prompt Main.cpp
         正在跳过...(未检测到相关更改)
         Main.cpp
       ManifestResourceCompile:
         C:\Program Files\Microsoft SDKs\Windows\v7.0A\bin\rc.exe /nologo /fo"Debug\查询程序.exe.embed.manifest.res" "Debug\查询程序_manifest.rc" 
       Link:
         D:\VS2010\VC\bin\link.exe /ERRORREPORT:PROMPT /OUT:"E:\MyProjects\VS2010\查询程序\Debug\查询程序.exe" /INCREMENTAL /NOLOGO kernel32.lib user32.lib gdi32.lib winspool.lib comdlg32.lib advapi32.lib shell32.lib ole32.lib oleaut32.lib uuid.lib odbc32.lib odbccp32.lib /MANIFEST /ManifestFile:"Debug\查询程序.exe.intermediate.manifest" /MANIFESTUAC:"level='asInvoker' uiAccess='false'" /DEBUG /PDB:"E:\MyProjects\VS2010\查询程序\Debug\查询程序.pdb" /SUBSYSTEM:CONSOLE /TLBID:1 /DYNAMICBASE /NXCOMPAT /IMPLIB:"E:\MyProjects\VS2010\查询程序\Debug\查询程序.lib" /MACHINE:X86 "Debug\查询程序.exe.embed.manifest.res"
         Debug\Main.obj
       Manifest:
         C:\Program Files\Microsoft SDKs\Windows\v7.0A\bin\mt.exe /nologo /verbose /out:"Debug\查询程序.exe.embed.manifest" /manifest "Debug\查询程序.exe.intermediate.manifest"
         所有输出均为最新。
       LinkEmbedManifest:
         所有输出均为最新。
         查询程序.vcxproj -> E:\MyProjects\VS2010\查询程序\Debug\查询程序.exe
       FinalizeBuildStatus:
         正在删除文件“Debug\查询程序.unsuccessfulbuild”。
         正在对“Debug\查询程序.lastbuildstate”执行 Touch 任务。
     1>已完成生成项目“E:\MyProjects\VS2010\查询程序\查询程序\查询程序.vcxproj”(build 个目标)的操作。

生成成功。

已用时间 00:00:04.03
