生成启动时间为 2012/1/21 星期六 21:45:03。
     1>项目“E:\MyProjects\VS2010\sgafg\sgafg\sgafg.vcxproj”在节点 2 上(build 个目标)。
     1>InitializeBuildStatus:
         正在创建“Debug\sgafg.unsuccessfulbuild”，因为已指定“AlwaysCreate”。
       ClCompile:
         D:\VS2010\VC\bin\CL.exe /c /ZI /nologo /W3 /WX- /Od /Oy- /D WIN32 /D _DEBUG /D _CONSOLE /D _UNICODE /D UNICODE /Gm /EHsc /RTC1 /MDd /GS /fp:precise /Zc:wchar_t /Zc:forScope /Fo"Debug\\" /Fd"Debug\vc100.pdb" /Gd /TP /analyze- /errorReport:prompt Main.cpp
         Main.cpp
       ManifestResourceCompile:
         所有输出均为最新。
       Link:
         D:\VS2010\VC\bin\link.exe /ERRORREPORT:PROMPT /OUT:"E:\MyProjects\VS2010\sgafg\Debug\sgafg.exe" /INCREMENTAL /NOLOGO kernel32.lib user32.lib gdi32.lib winspool.lib comdlg32.lib advapi32.lib shell32.lib ole32.lib oleaut32.lib uuid.lib odbc32.lib odbccp32.lib /MANIFEST /ManifestFile:"Debug\sgafg.exe.intermediate.manifest" /MANIFESTUAC:"level='asInvoker' uiAccess='false'" /DEBUG /PDB:"E:\MyProjects\VS2010\sgafg\Debug\sgafg.pdb" /SUBSYSTEM:CONSOLE /TLBID:1 /DYNAMICBASE /NXCOMPAT /IMPLIB:"E:\MyProjects\VS2010\sgafg\Debug\sgafg.lib" /MACHINE:X86 Debug\sgafg.exe.embed.manifest.res
         Debug\Main.obj
       Manifest:
         C:\Program Files\Microsoft SDKs\Windows\v7.0A\bin\mt.exe /nologo /verbose /out:"Debug\sgafg.exe.embed.manifest" /manifest Debug\sgafg.exe.intermediate.manifest
         所有输出均为最新。
       LinkEmbedManifest:
         所有输出均为最新。
         sgafg.vcxproj -> E:\MyProjects\VS2010\sgafg\Debug\sgafg.exe
       FinalizeBuildStatus:
         正在删除文件“Debug\sgafg.unsuccessfulbuild”。
         正在对“Debug\sgafg.lastbuildstate”执行 Touch 任务。
     1>已完成生成项目“E:\MyProjects\VS2010\sgafg\sgafg\sgafg.vcxproj”(build 个目标)的操作。

生成成功。

已用时间 00:00:02.22
