生成启动时间为 2012/4/10 星期二 21:32:07。
     1>项目“E:\MyProjects\VS2010\e_l_s\e_l_s\e_l_s.vcxproj”在节点 2 上(build 个目标)。
     1>PrepareForBuild:
         正在创建目录“E:\MyProjects\VS2010\e_l_s\Debug\”。
       InitializeBuildStatus:
         正在创建“Debug\e_l_s.unsuccessfulbuild”，因为已指定“AlwaysCreate”。
       ClCompile:
         D:\VS2010\VC\bin\CL.exe /c /ZI /nologo /W3 /WX- /Od /Oy- /D WIN32 /D _DEBUG /D _CONSOLE /D _UNICODE /D UNICODE /Gm /EHsc /RTC1 /MDd /GS /fp:precise /Zc:wchar_t /Zc:forScope /Fo"Debug\\" /Fd"Debug\vc100.pdb" /Gd /TP /analyze- /errorReport:prompt main.cpp
         main.cpp
     1>e:\myprojects\vs2010\e_l_s\e_l_s\graphics.h(241): error C2143: 语法错误 : 缺少“;”(在“__cdecl”的前面)
     1>e:\myprojects\vs2010\e_l_s\e_l_s\graphics.h(241): error C2182: “far”: 非法使用“void”类型
     1>e:\myprojects\vs2010\e_l_s\e_l_s\graphics.h(242): error C4430: 缺少类型说明符 - 假定为 int。注意: C++ 不支持默认 int
     1>e:\myprojects\vs2010\e_l_s\e_l_s\graphics.h(243): error C2143: 语法错误 : 缺少“;”(在“__cdecl”的前面)
     1>e:\myprojects\vs2010\e_l_s\e_l_s\graphics.h(243): error C2182: “far”: 非法使用“void”类型
     1>e:\myprojects\vs2010\e_l_s\e_l_s\graphics.h(243): error C2086: “int far”: 重定义
                 e:\myprojects\vs2010\e_l_s\e_l_s\graphics.h(241) : 参见“far”的声明
     1>e:\myprojects\vs2010\e_l_s\e_l_s\graphics.h(243): error C4430: 缺少类型说明符 - 假定为 int。注意: C++ 不支持默认 int
     1>e:\myprojects\vs2010\e_l_s\e_l_s\graphics.h(244): error C2143: 语法错误 : 缺少“;”(在“__cdecl”的前面)
     1>e:\myprojects\vs2010\e_l_s\e_l_s\graphics.h(244): error C2182: “far”: 非法使用“void”类型
     1>e:\myprojects\vs2010\e_l_s\e_l_s\graphics.h(244): error C2086: “int far”: 重定义
                 e:\myprojects\vs2010\e_l_s\e_l_s\graphics.h(241) : 参见“far”的声明
     1>e:\myprojects\vs2010\e_l_s\e_l_s\graphics.h(245): error C4430: 缺少类型说明符 - 假定为 int。注意: C++ 不支持默认 int
     1>e:\myprojects\vs2010\e_l_s\e_l_s\graphics.h(246): error C2143: 语法错误 : 缺少“;”(在“__cdecl”的前面)
     1>e:\myprojects\vs2010\e_l_s\e_l_s\graphics.h(246): error C2182: “far”: 非法使用“void”类型
     1>e:\myprojects\vs2010\e_l_s\e_l_s\graphics.h(246): error C2086: “int far”: 重定义
                 e:\myprojects\vs2010\e_l_s\e_l_s\graphics.h(241) : 参见“far”的声明
     1>e:\myprojects\vs2010\e_l_s\e_l_s\graphics.h(246): error C4430: 缺少类型说明符 - 假定为 int。注意: C++ 不支持默认 int
     1>e:\myprojects\vs2010\e_l_s\e_l_s\graphics.h(247): error C2143: 语法错误 : 缺少“;”(在“__cdecl”的前面)
     1>e:\myprojects\vs2010\e_l_s\e_l_s\graphics.h(247): error C2182: “far”: 非法使用“void”类型
     1>e:\myprojects\vs2010\e_l_s\e_l_s\graphics.h(247): error C2086: “int far”: 重定义
                 e:\myprojects\vs2010\e_l_s\e_l_s\graphics.h(241) : 参见“far”的声明
     1>e:\myprojects\vs2010\e_l_s\e_l_s\graphics.h(247): error C4430: 缺少类型说明符 - 假定为 int。注意: C++ 不支持默认 int
     1>e:\myprojects\vs2010\e_l_s\e_l_s\graphics.h(248): error C2143: 语法错误 : 缺少“;”(在“__cdecl”的前面)
     1>e:\myprojects\vs2010\e_l_s\e_l_s\graphics.h(248): error C2182: “far”: 非法使用“void”类型
     1>e:\myprojects\vs2010\e_l_s\e_l_s\graphics.h(248): error C2086: “int far”: 重定义
                 e:\myprojects\vs2010\e_l_s\e_l_s\graphics.h(241) : 参见“far”的声明
     1>e:\myprojects\vs2010\e_l_s\e_l_s\graphics.h(248): error C4430: 缺少类型说明符 - 假定为 int。注意: C++ 不支持默认 int
     1>e:\myprojects\vs2010\e_l_s\e_l_s\graphics.h(249): error C2143: 语法错误 : 缺少“;”(在“__cdecl”的前面)
     1>e:\myprojects\vs2010\e_l_s\e_l_s\graphics.h(249): error C2182: “far”: 非法使用“void”类型
     1>e:\myprojects\vs2010\e_l_s\e_l_s\graphics.h(249): error C2086: “int far”: 重定义
                 e:\myprojects\vs2010\e_l_s\e_l_s\graphics.h(241) : 参见“far”的声明
     1>e:\myprojects\vs2010\e_l_s\e_l_s\graphics.h(249): error C4430: 缺少类型说明符 - 假定为 int。注意: C++ 不支持默认 int
     1>e:\myprojects\vs2010\e_l_s\e_l_s\graphics.h(250): error C2143: 语法错误 : 缺少“;”(在“__cdecl”的前面)
     1>e:\myprojects\vs2010\e_l_s\e_l_s\graphics.h(250): error C2182: “far”: 非法使用“void”类型
     1>e:\myprojects\vs2010\e_l_s\e_l_s\graphics.h(250): error C2086: “int far”: 重定义
                 e:\myprojects\vs2010\e_l_s\e_l_s\graphics.h(241) : 参见“far”的声明
     1>e:\myprojects\vs2010\e_l_s\e_l_s\graphics.h(250): error C2143: 语法错误 : 缺少“,”(在“*”的前面)
     1>e:\myprojects\vs2010\e_l_s\e_l_s\graphics.h(250): error C4430: 缺少类型说明符 - 假定为 int。注意: C++ 不支持默认 int
     1>e:\myprojects\vs2010\e_l_s\e_l_s\graphics.h(251): error C2143: 语法错误 : 缺少“;”(在“__cdecl”的前面)
     1>e:\myprojects\vs2010\e_l_s\e_l_s\graphics.h(251): error C2182: “far”: 非法使用“void”类型
     1>e:\myprojects\vs2010\e_l_s\e_l_s\graphics.h(251): error C2086: “int far”: 重定义
                 e:\myprojects\vs2010\e_l_s\e_l_s\graphics.h(241) : 参见“far”的声明
     1>e:\myprojects\vs2010\e_l_s\e_l_s\graphics.h(251): error C2143: 语法错误 : 缺少“,”(在“*”的前面)
     1>e:\myprojects\vs2010\e_l_s\e_l_s\graphics.h(251): error C4430: 缺少类型说明符 - 假定为 int。注意: C++ 不支持默认 int
     1>e:\myprojects\vs2010\e_l_s\e_l_s\graphics.h(252): error C2143: 语法错误 : 缺少“;”(在“__cdecl”的前面)
     1>e:\myprojects\vs2010\e_l_s\e_l_s\graphics.h(252): error C2182: “far”: 非法使用“void”类型
     1>e:\myprojects\vs2010\e_l_s\e_l_s\graphics.h(252): error C2086: “int far”: 重定义
                 e:\myprojects\vs2010\e_l_s\e_l_s\graphics.h(241) : 参见“far”的声明
     1>e:\myprojects\vs2010\e_l_s\e_l_s\graphics.h(253): error C4430: 缺少类型说明符 - 假定为 int。注意: C++ 不支持默认 int
     1>e:\myprojects\vs2010\e_l_s\e_l_s\graphics.h(254): error C2143: 语法错误 : 缺少“;”(在“__cdecl”的前面)
     1>e:\myprojects\vs2010\e_l_s\e_l_s\graphics.h(254): error C2182: “far”: 非法使用“void”类型
     1>e:\myprojects\vs2010\e_l_s\e_l_s\graphics.h(254): error C2086: “int far”: 重定义
                 e:\myprojects\vs2010\e_l_s\e_l_s\graphics.h(241) : 参见“far”的声明
     1>e:\myprojects\vs2010\e_l_s\e_l_s\graphics.h(254): error C4430: 缺少类型说明符 - 假定为 int。注意: C++ 不支持默认 int
     1>e:\myprojects\vs2010\e_l_s\e_l_s\graphics.h(255): error C2143: 语法错误 : 缺少“;”(在“__cdecl”的前面)
     1>e:\myprojects\vs2010\e_l_s\e_l_s\graphics.h(255): error C2182: “far”: 非法使用“void”类型
     1>e:\myprojects\vs2010\e_l_s\e_l_s\graphics.h(255): error C2086: “int far”: 重定义
                 e:\myprojects\vs2010\e_l_s\e_l_s\graphics.h(241) : 参见“far”的声明
     1>e:\myprojects\vs2010\e_l_s\e_l_s\graphics.h(255): error C2143: 语法错误 : 缺少“,”(在“*”的前面)
     1>e:\myprojects\vs2010\e_l_s\e_l_s\graphics.h(255): error C4430: 缺少类型说明符 - 假定为 int。注意: C++ 不支持默认 int
     1>e:\myprojects\vs2010\e_l_s\e_l_s\graphics.h(256): error C2143: 语法错误 : 缺少“;”(在“__cdecl”的前面)
     1>e:\myprojects\vs2010\e_l_s\e_l_s\graphics.h(256): error C2182: “far”: 非法使用“void”类型
     1>e:\myprojects\vs2010\e_l_s\e_l_s\graphics.h(256): error C2086: “int far”: 重定义
                 e:\myprojects\vs2010\e_l_s\e_l_s\graphics.h(241) : 参见“far”的声明
     1>e:\myprojects\vs2010\e_l_s\e_l_s\graphics.h(256): error C4430: 缺少类型说明符 - 假定为 int。注意: C++ 不支持默认 int
     1>e:\myprojects\vs2010\e_l_s\e_l_s\graphics.h(257): error C2143: 语法错误 : 缺少“;”(在“__cdecl”的前面)
     1>e:\myprojects\vs2010\e_l_s\e_l_s\graphics.h(257): error C2182: “far”: 非法使用“void”类型
     1>e:\myprojects\vs2010\e_l_s\e_l_s\graphics.h(257): error C2086: “int far”: 重定义
                 e:\myprojects\vs2010\e_l_s\e_l_s\graphics.h(241) : 参见“far”的声明
     1>e:\myprojects\vs2010\e_l_s\e_l_s\graphics.h(257): error C2143: 语法错误 : 缺少“,”(在“*”的前面)
     1>e:\myprojects\vs2010\e_l_s\e_l_s\graphics.h(257): error C4430: 缺少类型说明符 - 假定为 int。注意: C++ 不支持默认 int
     1>e:\myprojects\vs2010\e_l_s\e_l_s\graphics.h(258): error C2143: 语法错误 : 缺少“;”(在“__cdecl”的前面)
     1>e:\myprojects\vs2010\e_l_s\e_l_s\graphics.h(258): error C2182: “far”: 非法使用“void”类型
     1>e:\myprojects\vs2010\e_l_s\e_l_s\graphics.h(258): error C2086: “int far”: 重定义
                 e:\myprojects\vs2010\e_l_s\e_l_s\graphics.h(241) : 参见“far”的声明
     1>e:\myprojects\vs2010\e_l_s\e_l_s\graphics.h(258): error C2143: 语法错误 : 缺少“,”(在“*”的前面)
     1>e:\myprojects\vs2010\e_l_s\e_l_s\graphics.h(258): error C4430: 缺少类型说明符 - 假定为 int。注意: C++ 不支持默认 int
     1>e:\myprojects\vs2010\e_l_s\e_l_s\graphics.h(259): error C2143: 语法错误 : 缺少“;”(在“__cdecl”的前面)
     1>e:\myprojects\vs2010\e_l_s\e_l_s\graphics.h(259): error C2086: “int far”: 重定义
                 e:\myprojects\vs2010\e_l_s\e_l_s\graphics.h(241) : 参见“far”的声明
     1>e:\myprojects\vs2010\e_l_s\e_l_s\graphics.h(259): error C4430: 缺少类型说明符 - 假定为 int。注意: C++ 不支持默认 int
     1>e:\myprojects\vs2010\e_l_s\e_l_s\graphics.h(260): error C2143: 语法错误 : 缺少“;”(在“__cdecl”的前面)
     1>e:\myprojects\vs2010\e_l_s\e_l_s\graphics.h(260): error C2086: “int far”: 重定义
                 e:\myprojects\vs2010\e_l_s\e_l_s\graphics.h(241) : 参见“far”的声明
     1>e:\myprojects\vs2010\e_l_s\e_l_s\graphics.h(260): error C4430: 缺少类型说明符 - 假定为 int。注意: C++ 不支持默认 int
     1>e:\myprojects\vs2010\e_l_s\e_l_s\graphics.h(261): error C2143: 语法错误 : 缺少“;”(在“__cdecl”的前面)
     1>e:\myprojects\vs2010\e_l_s\e_l_s\graphics.h(261): error C2040: “far”:“palettetype *”与“int”的间接寻址级别不同
     1>e:\myprojects\vs2010\e_l_s\e_l_s\graphics.h(261): error C4430: 缺少类型说明符 - 假定为 int。注意: C++ 不支持默认 int
     1>e:\myprojects\vs2010\e_l_s\e_l_s\graphics.h(262): error C2143: 语法错误 : 缺少“;”(在“__cdecl”的前面)
     1>e:\myprojects\vs2010\e_l_s\e_l_s\graphics.h(262): error C2040: “far”:“char *”与“int”的间接寻址级别不同
     1>e:\myprojects\vs2010\e_l_s\e_l_s\graphics.h(262): error C4430: 缺少类型说明符 - 假定为 int。注意: C++ 不支持默认 int
     1>e:\myprojects\vs2010\e_l_s\e_l_s\graphics.h(263): error C2143: 语法错误 : 缺少“;”(在“__cdecl”的前面)
     1>e:\myprojects\vs2010\e_l_s\e_l_s\graphics.h(263): error C2182: “far”: 非法使用“void”类型
     1>e:\myprojects\vs2010\e_l_s\e_l_s\graphics.h(263): error C2086: “int far”: 重定义
                 e:\myprojects\vs2010\e_l_s\e_l_s\graphics.h(241) : 参见“far”的声明
     1>e:\myprojects\vs2010\e_l_s\e_l_s\graphics.h(263): error C2143: 语法错误 : 缺少“,”(在“*”的前面)
     1>e:\myprojects\vs2010\e_l_s\e_l_s\graphics.h(263): error C4430: 缺少类型说明符 - 假定为 int。注意: C++ 不支持默认 int
     1>e:\myprojects\vs2010\e_l_s\e_l_s\graphics.h(264): error C2143: 语法错误 : 缺少“;”(在“__cdecl”的前面)
     1>e:\myprojects\vs2010\e_l_s\e_l_s\graphics.h(264): error C2182: “far”: 非法使用“void”类型
     1>e:\myprojects\vs2010\e_l_s\e_l_s\graphics.h(264): error C2086: “int far”: 重定义
                 e:\myprojects\vs2010\e_l_s\e_l_s\graphics.h(241) : 参见“far”的声明
     1>e:\myprojects\vs2010\e_l_s\e_l_s\graphics.h(264): error C2143: 语法错误 : 缺少“,”(在“*”的前面)
     1>e:\myprojects\vs2010\e_l_s\e_l_s\graphics.h(264): error C4430: 缺少类型说明符 - 假定为 int。注意: C++ 不支持默认 int
     1>e:\myprojects\vs2010\e_l_s\e_l_s\graphics.h(265): error C2143: 语法错误 : 缺少“;”(在“__cdecl”的前面)
     1>e:\myprojects\vs2010\e_l_s\e_l_s\graphics.h(265): error C2086: “int far”: 重定义
                 e:\myprojects\vs2010\e_l_s\e_l_s\graphics.h(241) : 参见“far”的声明
     1>e:\myprojects\vs2010\e_l_s\e_l_s\graphics.h(265): error C4430: 缺少类型说明符 - 假定为 int。注意: C++ 不支持默认 int
     1>e:\myprojects\vs2010\e_l_s\e_l_s\graphics.h(266): error C2143: 语法错误 : 缺少“;”(在“__cdecl”的前面)
     1>e:\myprojects\vs2010\e_l_s\e_l_s\graphics.h(266): error C2182: “far”: 非法使用“void”类型
     1>e:\myprojects\vs2010\e_l_s\e_l_s\graphics.h(266): error C2086: “int far”: 重定义
                 e:\myprojects\vs2010\e_l_s\e_l_s\graphics.h(241) : 参见“far”的声明
     1>e:\myprojects\vs2010\e_l_s\e_l_s\graphics.h(267): error C2143: 语法错误 : 缺少“,”(在“*”的前面)
     1>e:\myprojects\vs2010\e_l_s\e_l_s\graphics.h(267): error C2182: “far”: 非法使用“void”类型
     1>e:\myprojects\vs2010\e_l_s\e_l_s\graphics.h(267): error C4430: 缺少类型说明符 - 假定为 int。注意: C++ 不支持默认 int
     1>e:\myprojects\vs2010\e_l_s\e_l_s\graphics.h(268): error C2143: 语法错误 : 缺少“;”(在“__cdecl”的前面)
     1>e:\myprojects\vs2010\e_l_s\e_l_s\graphics.h(268): error C2182: “far”: 非法使用“void”类型
     1>e:\myprojects\vs2010\e_l_s\e_l_s\graphics.h(268): error C2086: “int far”: 重定义
                 e:\myprojects\vs2010\e_l_s\e_l_s\graphics.h(241) : 参见“far”的声明
     1>e:\myprojects\vs2010\e_l_s\e_l_s\graphics.h(268): error C2143: 语法错误 : 缺少“,”(在“*”的前面)
     1>e:\myprojects\vs2010\e_l_s\e_l_s\graphics.h(268): error C4430: 缺少类型说明符 - 假定为 int。注意: C++ 不支持默认 int
     1>e:\myprojects\vs2010\e_l_s\e_l_s\graphics.h(269): error C2143: 语法错误 : 缺少“;”(在“__cdecl”的前面)
     1>e:\myprojects\vs2010\e_l_s\e_l_s\graphics.h(269): error C2086: “int far”: 重定义
                 e:\myprojects\vs2010\e_l_s\e_l_s\graphics.h(241) : 参见“far”的声明
     1>e:\myprojects\vs2010\e_l_s\e_l_s\graphics.h(269): error C4430: 缺少类型说明符 - 假定为 int。注意: C++ 不支持默认 int
     1>e:\myprojects\vs2010\e_l_s\e_l_s\graphics.h(270): error C2143: 语法错误 : 缺少“;”(在“__cdecl”的前面)
     1>e:\myprojects\vs2010\e_l_s\e_l_s\graphics.h(270): error C2086: “int far”: 重定义
                 e:\myprojects\vs2010\e_l_s\e_l_s\graphics.h(241) : 参见“far”的声明
     1>e:\myprojects\vs2010\e_l_s\e_l_s\graphics.h(270): error C4430: 缺少类型说明符 - 假定为 int。注意: C++ 不支持默认 int
     1>e:\myprojects\vs2010\e_l_s\e_l_s\graphics.h(271): error C2143: 语法错误 : 缺少“;”(在“__cdecl”的前面)
     1>e:\myprojects\vs2010\e_l_s\e_l_s\graphics.h(271): error C2086: “int far”: 重定义
                 e:\myprojects\vs2010\e_l_s\e_l_s\graphics.h(241) : 参见“far”的声明
     1>e:\myprojects\vs2010\e_l_s\e_l_s\graphics.h(271): error C4430: 缺少类型说明符 - 假定为 int。注意: C++ 不支持默认 int
     1>e:\myprojects\vs2010\e_l_s\e_l_s\graphics.h(272): error C2143: 语法错误 : 缺少“;”(在“__cdecl”的前面)
     1>e:\myprojects\vs2010\e_l_s\e_l_s\graphics.h(272): error C2086: “int far”: 重定义
                 e:\myprojects\vs2010\e_l_s\e_l_s\graphics.h(241) : 参见“far”的声明
     1>e:\myprojects\vs2010\e_l_s\e_l_s\graphics.h(272): error C4430: 缺少类型说明符 - 假定为 int。注意: C++ 不支持默认 int
     1>e:\myprojects\vs2010\e_l_s\e_l_s\graphics.h(273): error C2143: 语法错误 : 缺少“;”(在“__cdecl”的前面)
     1>e:\myprojects\vs2010\e_l_s\e_l_s\graphics.h(273): error C2040: “far”:“char *”与“int”的间接寻址级别不同
     1>e:\myprojects\vs2010\e_l_s\e_l_s\graphics.h(273): error C4430: 缺少类型说明符 - 假定为 int。注意: C++ 不支持默认 int
     1>e:\myprojects\vs2010\e_l_s\e_l_s\graphics.h(274): error C2143: 语法错误 : 缺少“;”(在“__cdecl”的前面)
     1>e:\myprojects\vs2010\e_l_s\e_l_s\graphics.h(274): error C2182: “far”: 非法使用“void”类型
     1>e:\myprojects\vs2010\e_l_s\e_l_s\graphics.h(274): error C2086: “int far”: 重定义
                 e:\myprojects\vs2010\e_l_s\e_l_s\graphics.h(241) : 参见“far”的声明
     1>e:\myprojects\vs2010\e_l_s\e_l_s\graphics.h(274): error C2143: 语法错误 : 缺少“,”(在“*”的前面)
     1>e:\myprojects\vs2010\e_l_s\e_l_s\graphics.h(275): error C4430: 缺少类型说明符 - 假定为 int。注意: C++ 不支持默认 int
     1>e:\myprojects\vs2010\e_l_s\e_l_s\graphics.h(276): error C2143: 语法错误 : 缺少“;”(在“__cdecl”的前面)
     1>e:\myprojects\vs2010\e_l_s\e_l_s\graphics.h(276): error C2371: “far”: 重定义；不同的基类型
                 e:\myprojects\vs2010\e_l_s\e_l_s\graphics.h(241) : 参见“far”的声明
     1>e:\myprojects\vs2010\e_l_s\e_l_s\graphics.h(276): error C4430: 缺少类型说明符 - 假定为 int。注意: C++ 不支持默认 int
     1>e:\myprojects\vs2010\e_l_s\e_l_s\graphics.h(277): error C2143: 语法错误 : 缺少“;”(在“__cdecl”的前面)
     1>e:\myprojects\vs2010\e_l_s\e_l_s\graphics.h(277): error C2182: “far”: 非法使用“void”类型
     1>e:\myprojects\vs2010\e_l_s\e_l_s\graphics.h(277): error C2086: “int far”: 重定义
                 e:\myprojects\vs2010\e_l_s\e_l_s\graphics.h(241) : 参见“far”的声明
     1>e:\myprojects\vs2010\e_l_s\e_l_s\graphics.h(277): error C2143: 语法错误 : 缺少“,”(在“*”的前面)
     1>e:\myprojects\vs2010\e_l_s\e_l_s\graphics.h(277): error C4430: 缺少类型说明符 - 假定为 int。注意: C++ 不支持默认 int
     1>e:\myprojects\vs2010\e_l_s\e_l_s\graphics.h(278): error C2143: 语法错误 : 缺少“;”(在“__cdecl”的前面)
     1>e:\myprojects\vs2010\e_l_s\e_l_s\graphics.h(278): error C2086: “int far”: 重定义
                 e:\myprojects\vs2010\e_l_s\e_l_s\graphics.h(241) : 参见“far”的声明
     1>e:\myprojects\vs2010\e_l_s\e_l_s\graphics.h(278): error C4430: 缺少类型说明符 - 假定为 int。注意: C++ 不支持默认 int
     1>e:\myprojects\vs2010\e_l_s\e_l_s\graphics.h(279): error C2143: 语法错误 : 缺少“;”(在“__cdecl”的前面)
     1>e:\myprojects\vs2010\e_l_s\e_l_s\graphics.h(279): error C2182: “far”: 非法使用“void”类型
     1>e:\myprojects\vs2010\e_l_s\e_l_s\graphics.h(279): error C2086: “int far”: 重定义
                 e:\myprojects\vs2010\e_l_s\e_l_s\graphics.h(241) : 参见“far”的声明
     1>e:\myprojects\vs2010\e_l_s\e_l_s\graphics.h(279): fatal error C1003: 错误计数超过 100；正在停止编译
     1>已完成生成项目“E:\MyProjects\VS2010\e_l_s\e_l_s\e_l_s.vcxproj”(build 个目标)的操作 - 失败。

生成失败。

已用时间 00:00:03.82
