生成启动时间为 2012-7-24 18:51:36。
     1>项目“E:\MyProjects\VS2010\C++Students\C++Students\C++Students.vcxproj”在节点 2 上(build 个目标)。
     1>InitializeBuildStatus:
         正在对“Debug\C++Students.unsuccessfulbuild”执行 Touch 任务。
       ClCompile:
         所有输出均为最新。
       ManifestResourceCompile:
         所有输出均为最新。
       Link:
         D:\VS2010\VC\bin\link.exe /ERRORREPORT:PROMPT /OUT:"E:\MyProjects\VS2010\C++Students\Debug\C++Students.exe" /INCREMENTAL /NOLOGO kernel32.lib user32.lib gdi32.lib winspool.lib comdlg32.lib advapi32.lib shell32.lib ole32.lib oleaut32.lib uuid.lib odbc32.lib odbccp32.lib /MANIFEST /ManifestFile:"Debug\C++Students.exe.intermediate.manifest" /MANIFESTUAC:"level='asInvoker' uiAccess='false'" /DEBUG /PDB:"E:\MyProjects\VS2010\C++Students\Debug\C++Students.pdb" /SUBSYSTEM:CONSOLE /TLBID:1 /DYNAMICBASE /NXCOMPAT /IMPLIB:"E:\MyProjects\VS2010\C++Students\Debug\C++Students.lib" /MACHINE:X86 Debug\C++Students.exe.embed.manifest.res
         Debug\Main.obj
       Manifest:
         C:\Program Files\Microsoft SDKs\Windows\v7.0A\bin\mt.exe /nologo /verbose /out:"Debug\C++Students.exe.embed.manifest" /manifest Debug\C++Students.exe.intermediate.manifest
         所有输出均为最新。
       LinkEmbedManifest:
         所有输出均为最新。
         C++Students.vcxproj -> E:\MyProjects\VS2010\C++Students\Debug\C++Students.exe
       FinalizeBuildStatus:
         正在删除文件“Debug\C++Students.unsuccessfulbuild”。
         正在对“Debug\C++Students.lastbuildstate”执行 Touch 任务。
     1>已完成生成项目“E:\MyProjects\VS2010\C++Students\C++Students\C++Students.vcxproj”(build 个目标)的操作。

生成成功。

已用时间 00:00:00.42
