生成启动时间为 2012-5-24 16:17:34。
     1>项目“E:\MyProjects\VS2010\asm\asm\asm.vcxproj”在节点 2 上(build 个目标)。
     1>PrepareForBuild:
         正在创建目录“E:\MyProjects\VS2010\asm\Debug\”。
       InitializeBuildStatus:
         正在创建“Debug\asm.unsuccessfulbuild”，因为已指定“AlwaysCreate”。
       ClCompile:
         D:\VS2010\VC\bin\CL.exe /c /ZI /nologo /W3 /WX- /Od /Oy- /D WIN32 /D _DEBUG /D _CONSOLE /D _UNICODE /D UNICODE /Gm /EHsc /RTC1 /MDd /GS /fp:precise /Zc:wchar_t /Zc:forScope /Fo"Debug\\" /Fd"Debug\vc100.pdb" /Gd /TP /analyze- /errorReport:prompt main.cpp
         main.cpp
       ManifestResourceCompile:
         C:\Program Files\Microsoft SDKs\Windows\v7.0A\bin\rc.exe /nologo /fo"Debug\asm.exe.embed.manifest.res" Debug\asm_manifest.rc 
       Link:
         D:\VS2010\VC\bin\link.exe /ERRORREPORT:PROMPT /OUT:"E:\MyProjects\VS2010\asm\Debug\asm.exe" /INCREMENTAL /NOLOGO kernel32.lib user32.lib gdi32.lib winspool.lib comdlg32.lib advapi32.lib shell32.lib ole32.lib oleaut32.lib uuid.lib odbc32.lib odbccp32.lib /MANIFEST /ManifestFile:"Debug\asm.exe.intermediate.manifest" /MANIFESTUAC:"level='asInvoker' uiAccess='false'" /DEBUG /PDB:"E:\MyProjects\VS2010\asm\Debug\asm.pdb" /SUBSYSTEM:CONSOLE /TLBID:1 /DYNAMICBASE /NXCOMPAT /IMPLIB:"E:\MyProjects\VS2010\asm\Debug\asm.lib" /MACHINE:X86 Debug\asm.exe.embed.manifest.res
         Debug\main.obj
       Manifest:
         C:\Program Files\Microsoft SDKs\Windows\v7.0A\bin\mt.exe /nologo /verbose /out:"Debug\asm.exe.embed.manifest" /manifest Debug\asm.exe.intermediate.manifest
         C:\Program Files\Microsoft SDKs\Windows\v7.0A\bin\rc.exe /nologo /fo"Debug\asm.exe.embed.manifest.res" Debug\asm_manifest.rc 
       LinkEmbedManifest:
         D:\VS2010\VC\bin\link.exe /ERRORREPORT:PROMPT /OUT:"E:\MyProjects\VS2010\asm\Debug\asm.exe" /INCREMENTAL /NOLOGO kernel32.lib user32.lib gdi32.lib winspool.lib comdlg32.lib advapi32.lib shell32.lib ole32.lib oleaut32.lib uuid.lib odbc32.lib odbccp32.lib /MANIFEST /ManifestFile:"Debug\asm.exe.intermediate.manifest" /MANIFESTUAC:"level='asInvoker' uiAccess='false'" /DEBUG /PDB:"E:\MyProjects\VS2010\asm\Debug\asm.pdb" /SUBSYSTEM:CONSOLE /TLBID:1 /DYNAMICBASE /NXCOMPAT /IMPLIB:"E:\MyProjects\VS2010\asm\Debug\asm.lib" /MACHINE:X86 Debug\asm.exe.embed.manifest.res
         Debug\main.obj
         asm.vcxproj -> E:\MyProjects\VS2010\asm\Debug\asm.exe
       FinalizeBuildStatus:
         正在删除文件“Debug\asm.unsuccessfulbuild”。
         正在对“Debug\asm.lastbuildstate”执行 Touch 任务。
     1>已完成生成项目“E:\MyProjects\VS2010\asm\asm\asm.vcxproj”(build 个目标)的操作。

生成成功。

已用时间 00:00:03.83
