生成启动时间为 2012/4/6 星期五 15:59:34。
     1>项目“E:\MyProjects\VS2010\ceshi_windows\ceshi_windows\ceshi_windows.vcxproj”在节点 2 上(build 个目标)。
     1>InitializeBuildStatus:
         正在对“Debug\ceshi_windows.unsuccessfulbuild”执行 Touch 任务。
       ClCompile:
         D:\VS2010\VC\bin\CL.exe /c /ZI /nologo /W3 /WX- /Od /Oy- /D WIN32 /D _DEBUG /D _WINDOWS /D _UNICODE /D UNICODE /Gm /EHsc /RTC1 /MDd /GS /fp:precise /Zc:wchar_t /Zc:forScope /Fo"Debug\\" /Fd"Debug\vc100.pdb" /Gd /TP /analyze- /errorReport:prompt WindowsMain.cpp
         WindowsMain.cpp
       ManifestResourceCompile:
         所有输出均为最新。
       Link:
         D:\VS2010\VC\bin\link.exe /ERRORREPORT:PROMPT /OUT:"E:\MyProjects\VS2010\ceshi_windows\Debug\ceshi_windows.exe" /INCREMENTAL /NOLOGO kernel32.lib user32.lib gdi32.lib winspool.lib comdlg32.lib advapi32.lib shell32.lib ole32.lib oleaut32.lib uuid.lib odbc32.lib odbccp32.lib /MANIFEST /ManifestFile:"Debug\ceshi_windows.exe.intermediate.manifest" /MANIFESTUAC:"level='asInvoker' uiAccess='false'" /DEBUG /PDB:"E:\MyProjects\VS2010\ceshi_windows\Debug\ceshi_windows.pdb" /SUBSYSTEM:WINDOWS /TLBID:1 /DYNAMICBASE /NXCOMPAT /IMPLIB:"E:\MyProjects\VS2010\ceshi_windows\Debug\ceshi_windows.lib" /MACHINE:X86 Debug\ceshi_windows.exe.embed.manifest.res
         Debug\WindowsMain.obj
       Manifest:
         C:\Program Files\Microsoft SDKs\Windows\v7.0A\bin\mt.exe /nologo /verbose /out:"Debug\ceshi_windows.exe.embed.manifest" /manifest Debug\ceshi_windows.exe.intermediate.manifest
         所有输出均为最新。
       LinkEmbedManifest:
         所有输出均为最新。
         ceshi_windows.vcxproj -> E:\MyProjects\VS2010\ceshi_windows\Debug\ceshi_windows.exe
       FinalizeBuildStatus:
         正在删除文件“Debug\ceshi_windows.unsuccessfulbuild”。
         正在对“Debug\ceshi_windows.lastbuildstate”执行 Touch 任务。
     1>已完成生成项目“E:\MyProjects\VS2010\ceshi_windows\ceshi_windows\ceshi_windows.vcxproj”(build 个目标)的操作。

生成成功。

已用时间 00:00:01.66
